<?xml version="1.0" encoding="UTF-8"?>
<!-- Generated by org.testng.reporters.JUnitXMLReporter -->
<testsuite ignored="0" hostname="LAPTOP-66T3B3KH" failures="0" tests="6" name="Default test" time="10.403" errors="0" timestamp="2024-08-26T00:55:19 IST">
  <testcase classname="api.test.DDTests" name="testPostUser" time="2.93"/>
  <testcase classname="api.test.DDTests" name="testPostUser" time="1.22"/>
  <testcase classname="api.test.DDTests" name="testPostUser" time="1.28"/>
  <testcase classname="api.test.DDTests" name="testDeleteUserByName" time="1.27"/>
  <testcase classname="api.test.DDTests" name="testDeleteUserByName" time="1.219"/>
  <testcase classname="api.test.DDTests" name="testDeleteUserByName" time="1.196"/>
</testsuite> <!-- Default test -->
