<?xml version="1.0" encoding="UTF-8"?>
<!-- Generated by org.testng.reporters.JUnitXMLReporter -->
<testsuite ignored="0" hostname="LAPTOP-66T3B3KH" failures="0" tests="4" name="PetTests" time="8.218" errors="0" timestamp="2024-08-28T19:21:13 IST">
  <testcase classname="api.test.UserTests2" name="testPostUser" time="2.812"/>
  <testcase classname="api.test.UserTests2" name="testGetUserByName" time="1.298"/>
  <testcase classname="api.test.UserTests2" name="testUpdateUserByName" time="2.397"/>
  <testcase classname="api.test.UserTests2" name="testDeleteUserByName" time="1.194"/>
</testsuite> <!-- PetTests -->
